<?xml version="1.0" encoding="UTF-8"?>
<!-- Generated by org.testng.reporters.JUnitReportReporter -->
<testsuite hostname="DESKTOP-0PIFH2J" failures="0" tests="5" name="com.flipkart.MobilePurchase" time="25.908" errors="0" timestamp="17 Jul 2022 05:59:33 GMT" skipped="0">
  <testcase classname="com.flipkart.MobilePurchase" name="login" time="1.251"/>
  <testcase classname="com.flipkart.MobilePurchase" name="search" time="2.493"/>
  <testcase classname="com.flipkart.MobilePurchase" name="mobile" time="17.144"/>
  <testcase classname="com.flipkart.MobilePurchase" name="window" time="0.396"/>
  <testcase classname="com.flipkart.MobilePurchase" name="screenshot" time="4.624"/>
</testsuite> <!-- com.flipkart.MobilePurchase -->
