<?xml version="1.0" encoding="UTF-8"?>
<!-- Generated by org.testng.reporters.JUnitReportReporter -->
<testsuite hostname="DESKTOP-0PIFH2J" failures="0" tests="5" name="com.flipkart.TVPurchase" time="9.307" errors="0" timestamp="17 Jul 2022 07:02:52 GMT" skipped="0">
  <testcase classname="com.flipkart.TVPurchase" name="method1" time="0.878"/>
  <testcase classname="com.flipkart.TVPurchase" name="method2" time="1.650"/>
  <testcase classname="com.flipkart.TVPurchase" name="method3" time="5.779"/>
  <testcase classname="com.flipkart.TVPurchase" name="method4" time="0.201"/>
  <testcase classname="com.flipkart.TVPurchase" name="method5" time="0.799"/>
</testsuite> <!-- com.flipkart.TVPurchase -->
